déc. 02, 2016 1:40:55 PM frontendserver.DFRSFrontEndImpl bookFlight
INFOS: Time of BOOKFLIGHT method invocation: 1480704055612
déc. 02, 2016 1:40:55 PM frontendserver.DFRSFrontEndImpl bookFlight
INFOS: Information |BOOKFLIGHT|Ramata|Soumounou|514-962-1795|12|25/12/2016|MTL-WST|First
déc. 02, 2016 1:40:55 PM frontendserver.DFRSFrontEndImpl bookFlight
INFOS: Time at which Front end send requests to Sequencer: 1480704055612
déc. 02, 2016 1:41:00 PM frontendserver.DFRSFrontEndImpl allFlights
INFOS: Time of ALLFLIGHTS method invocation: 1480704060156
déc. 02, 2016 1:41:00 PM frontendserver.DFRSFrontEndImpl allFlights
INFOS: Information |ALLFLIGHTS
déc. 02, 2016 1:41:00 PM frontendserver.DFRSFrontEndImpl allFlights
INFOS: Time at which Front end send requests to Sequencer: 1480704060156
déc. 02, 2016 1:41:34 PM frontendserver.DFRSFrontEndImpl allFlights
INFOS: Time of ALLFLIGHTS method invocation: 1480704094864
déc. 02, 2016 1:41:34 PM frontendserver.DFRSFrontEndImpl allFlights
INFOS: Information |ALLFLIGHTS
déc. 02, 2016 1:41:34 PM frontendserver.DFRSFrontEndImpl allFlights
INFOS: Time at which Front end send requests to Sequencer: 1480704094864
déc. 02, 2016 1:41:37 PM frontendserver.DFRSFrontEndImpl allBookings
INFOS: Time of ALLBOOKINGS method invocation: 1480704097092
déc. 02, 2016 1:41:37 PM frontendserver.DFRSFrontEndImpl allBookings
INFOS: Information |ALLBOOKINGS
déc. 02, 2016 1:41:37 PM frontendserver.DFRSFrontEndImpl allBookings
INFOS: Time at which Front end send requests to Sequencer: 1480704097092
